[2024-06-05T12:01:08.260Z] [info] [index.js]: server listerning at port 3000
[2024-06-05T12:02:28.763Z] [info] [index.js]: server listerning at port 3000
[2024-06-05T12:03:48.541Z] [info] [index.js]: server listerning at port 3000
[2024-06-05T12:04:51.772Z] [info] [index.js]: server listerning at port 3000
[2024-06-05T12:05:43.362Z] [info] [index.js]: server listerning at port 3000
[2024-06-05T12:05:53.997Z] [info] : GET /v1/tasks 200 126 - 4.463 ms

[2024-06-05T12:10:16.933Z] [info] [index.js]: server listerning at port 3000
[2024-06-05T12:23:40.744Z] [info] [index.js]: server listerning at port 3000
[2024-06-05T12:23:53.872Z] [info] : GET /api-docs 301 183 - 2.942 ms

[2024-06-05T12:23:53.875Z] [info] : GET /api-docs/ 200 3106 - 1.779 ms

[2024-06-05T12:23:53.938Z] [info] : GET /api-docs/swagger-ui-init.js 200 1736 - 0.217 ms

[2024-06-05T12:23:53.943Z] [info] : GET /api-docs/swagger-ui.css 200 152071 - 12.065 ms

[2024-06-05T12:23:53.951Z] [info] : GET /api-docs/swagger-ui-standalone-preset.js 200 230293 - 5.966 ms

[2024-06-05T12:23:53.955Z] [info] : GET /api-docs/swagger-ui-bundle.js 200 1452753 - 9.971 ms

[2024-06-05T12:23:54.077Z] [info] : GET /api-docs/favicon-32x32.png 200 628 - 1.379 ms

[2024-06-05T12:30:34.538Z] [info] [index.js]: server listerning at port 3000
[2024-06-05T12:30:39.138Z] [info] : GET /api-docs/ 304 - - 11.295 ms

[2024-06-05T12:30:39.151Z] [info] : GET /api-docs/swagger-ui.css 304 - - 1.168 ms

[2024-06-05T12:30:39.153Z] [info] : GET /api-docs/swagger-ui-bundle.js 304 - - 0.427 ms

[2024-06-05T12:30:39.154Z] [info] : GET /api-docs/swagger-ui-standalone-preset.js 304 - - 0.262 ms

[2024-06-05T12:30:39.155Z] [info] : GET /api-docs/swagger-ui-init.js 200 2307 - 0.328 ms

[2024-06-05T12:30:39.265Z] [info] : GET /api-docs/favicon-32x32.png 304 - - 0.257 ms

[2024-06-05T12:32:56.295Z] [info] [index.js]: server listerning at port 3000
[2024-06-05T12:33:04.293Z] [info] [index.js]: server listerning at port 3000
[2024-06-05T12:33:07.146Z] [info] : GET /api-docs/ 304 - - 2.064 ms

[2024-06-05T12:33:07.156Z] [info] : GET /api-docs/swagger-ui.css 304 - - 1.355 ms

[2024-06-05T12:33:07.158Z] [info] : GET /api-docs/swagger-ui-bundle.js 304 - - 0.835 ms

[2024-06-05T12:33:07.160Z] [info] : GET /api-docs/swagger-ui-init.js 200 3050 - 0.241 ms

[2024-06-05T12:33:07.161Z] [info] : GET /api-docs/swagger-ui-standalone-preset.js 304 - - 2.839 ms

[2024-06-05T12:33:07.275Z] [info] : GET /api-docs/favicon-32x32.png 304 - - 0.355 ms

[2024-06-05T12:33:10.397Z] [info] : GET /api-docs/favicon-32x32.png 304 - - 1.817 ms

[2024-06-05T12:33:38.271Z] [info] : POST /v1/tasks 201 42 - 0.980 ms

[2024-06-05T12:33:50.277Z] [info] : GET /api-docs/favicon-32x32.png 304 - - 2.231 ms

[2024-06-05T12:36:56.808Z] [info] [index.js]: server listerning at port 3000
